{"/Users/ujorgeleite/sources/projects/nino/pedrinho-travels/components/board/GameBoard.tsx": {"path":"/Users/ujorgeleite/sources/projects/nino/pedrinho-travels/components/board/GameBoard.tsx","statementMap":{"0":{"start":{"line":22,"column":10},"end":{"line":22,"column":11}},"1":{"start":{"line":23,"column":2},"end":{"line":23,"column":90}},"2":{"start":{"line":23,"column":15},"end":{"line":23,"column":16}},"3":{"start":{"line":23,"column":46},"end":{"line":23,"column":90}},"4":{"start":{"line":24,"column":2},"end":{"line":24,"column":25}},"5":{"start":{"line":36,"column":17},"end":{"line":36,"column":66}},"6":{"start":{"line":37,"column":36},"end":{"line":37,"column":55}},"7":{"start":{"line":39,"column":17},"end":{"line":43,"column":44}},"8":{"start":{"line":40,"column":4},"end":{"line":40,"column":39}},"9":{"start":{"line":40,"column":32},"end":{"line":40,"column":39}},"10":{"start":{"line":41,"column":4},"end":{"line":41,"column":75}},"11":{"start":{"line":42,"column":4},"end":{"line":42,"column":28}},"12":{"start":{"line":45,"column":14},"end":{"line":50,"column":6}},"13":{"start":{"line":49,"column":6},"end":{"line":49,"column":37}},"14":{"start":{"line":49,"column":19},"end":{"line":49,"column":37}},"15":{"start":{"line":52,"column":2},"end":{"line":70,"column":4}},"16":{"start":{"line":74,"column":20},"end":{"line":74,"column":41}},"17":{"start":{"line":76,"column":18},"end":{"line":76,"column":38}},"18":{"start":{"line":77,"column":17},"end":{"line":77,"column":59}},"19":{"start":{"line":78,"column":16},"end":{"line":78,"column":70}},"20":{"start":{"line":79,"column":16},"end":{"line":79,"column":50}},"21":{"start":{"line":81,"column":2},"end":{"line":89,"column":4}},"22":{"start":{"line":84,"column":8},"end":{"line":86,"column":15}},"23":{"start":{"line":92,"column":15},"end":{"line":108,"column":2}}},"fnMap":{"0":{"name":"seedFrom","decl":{"start":{"line":21,"column":9},"end":{"line":21,"column":17}},"loc":{"start":{"line":21,"column":46},"end":{"line":25,"column":1}},"line":21},"1":{"name":"FlipCard","decl":{"start":{"line":27,"column":9},"end":{"line":27,"column":17}},"loc":{"start":{"line":35,"column":3},"end":{"line":71,"column":1}},"line":35},"2":{"name":"(anonymous_2)","decl":{"start":{"line":39,"column":29},"end":{"line":39,"column":30}},"loc":{"start":{"line":39,"column":35},"end":{"line":43,"column":3}},"line":39},"3":{"name":"(anonymous_3)","decl":{"start":{"line":41,"column":65},"end":{"line":41,"column":66}},"loc":{"start":{"line":41,"column":71},"end":{"line":41,"column":73}},"line":41},"4":{"name":"(anonymous_4)","decl":{"start":{"line":47,"column":11},"end":{"line":47,"column":12}},"loc":{"start":{"line":47,"column":28},"end":{"line":50,"column":5}},"line":47},"5":{"name":"GameBoard","decl":{"start":{"line":73,"column":16},"end":{"line":73,"column":25}},"loc":{"start":{"line":73,"column":52},"end":{"line":90,"column":1}},"line":73},"6":{"name":"(anonymous_6)","decl":{"start":{"line":83,"column":17},"end":{"line":83,"column":18}},"loc":{"start":{"line":84,"column":8},"end":{"line":86,"column":15}},"line":84}},"branchMap":{"0":{"loc":{"start":{"line":36,"column":17},"end":{"line":36,"column":66}},"type":"binary-expr","locations":[{"start":{"line":36,"column":17},"end":{"line":36,"column":37}},{"start":{"line":36,"column":41},"end":{"line":36,"column":66}}],"line":36},"1":{"loc":{"start":{"line":40,"column":4},"end":{"line":40,"column":39}},"type":"if","locations":[{"start":{"line":40,"column":4},"end":{"line":40,"column":39}},{"start":{},"end":{}}],"line":40},"2":{"loc":{"start":{"line":49,"column":6},"end":{"line":49,"column":37}},"type":"if","locations":[{"start":{"line":49,"column":6},"end":{"line":49,"column":37}},{"start":{},"end":{}}],"line":49},"3":{"loc":{"start":{"line":76,"column":18},"end":{"line":76,"column":38}},"type":"cond-expr","locations":[{"start":{"line":76,"column":33},"end":{"line":76,"column":34}},{"start":{"line":76,"column":37},"end":{"line":76,"column":38}}],"line":76}},"s":{"0":0,"1":0,"2":0,"3":0,"4":0,"5":0,"6":0,"7":0,"8":0,"9":0,"10":0,"11":0,"12":0,"13":0,"14":0,"15":0,"16":0,"17":0,"18":0,"19":0,"20":0,"21":0,"22":0,"23":0},"f":{"0":0,"1":0,"2":0,"3":0,"4":0,"5":0,"6":0},"b":{"0":[0,0],"1":[0,0],"2":[0,0],"3":[0,0]}}
,"/Users/ujorgeleite/sources/projects/nino/pedrinho-travels/components/cards/CardFront.tsx": {"path":"/Users/ujorgeleite/sources/projects/nino/pedrinho-travels/components/cards/CardFront.tsx","statementMap":{"0":{"start":{"line":22,"column":2},"end":{"line":34,"column":4}},"1":{"start":{"line":37,"column":15},"end":{"line":52,"column":2}}},"fnMap":{"0":{"name":"CardFront","decl":{"start":{"line":16,"column":16},"end":{"line":16,"column":25}},"loc":{"start":{"line":21,"column":10},"end":{"line":35,"column":1}},"line":21}},"branchMap":{"0":{"loc":{"start":{"line":18,"column":2},"end":{"line":18,"column":17}},"type":"default-arg","locations":[{"start":{"line":18,"column":12},"end":{"line":18,"column":17}}],"line":18},"1":{"loc":{"start":{"line":19,"column":2},"end":{"line":19,"column":20}},"type":"default-arg","locations":[{"start":{"line":19,"column":10},"end":{"line":19,"column":20}}],"line":19},"2":{"loc":{"start":{"line":20,"column":2},"end":{"line":20,"column":22}},"type":"default-arg","locations":[{"start":{"line":20,"column":11},"end":{"line":20,"column":22}}],"line":20},"3":{"loc":{"start":{"line":27,"column":8},"end":{"line":27,"column":33}},"type":"binary-expr","locations":[{"start":{"line":27,"column":8},"end":{"line":27,"column":15}},{"start":{"line":27,"column":19},"end":{"line":27,"column":33}}],"line":27}},"s":{"0":0,"1":0},"f":{"0":0},"b":{"0":[0],"1":[0],"2":[0],"3":[0,0]}}
,"/Users/ujorgeleite/sources/projects/nino/pedrinho-travels/components/cards/WoodCard.tsx": {"path":"/Users/ujorgeleite/sources/projects/nino/pedrinho-travels/components/cards/WoodCard.tsx","statementMap":{"0":{"start":{"line":25,"column":10},"end":{"line":25,"column":27}},"1":{"start":{"line":26,"column":2},"end":{"line":26,"column":30}},"2":{"start":{"line":26,"column":14},"end":{"line":26,"column":30}},"3":{"start":{"line":27,"column":2},"end":{"line":27,"column":59}},"4":{"start":{"line":27,"column":15},"end":{"line":27,"column":58}},"5":{"start":{"line":30,"column":21},"end":{"line":30,"column":76}},"6":{"start":{"line":33,"column":21},"end":{"line":42,"column":27}},"7":{"start":{"line":34,"column":17},"end":{"line":34,"column":29}},"8":{"start":{"line":35,"column":4},"end":{"line":41,"column":7}},"9":{"start":{"line":36,"column":16},"end":{"line":36,"column":32}},"10":{"start":{"line":37,"column":16},"end":{"line":37,"column":45}},"11":{"start":{"line":38,"column":6},"end":{"line":38,"column":21}},"12":{"start":{"line":39,"column":6},"end":{"line":39,"column":85}},"13":{"start":{"line":40,"column":6},"end":{"line":40,"column":71}},"14":{"start":{"line":44,"column":2},"end":{"line":63,"column":4}},"15":{"start":{"line":54,"column":8},"end":{"line":60,"column":10}}},"fnMap":{"0":{"name":"seeded","decl":{"start":{"line":24,"column":9},"end":{"line":24,"column":15}},"loc":{"start":{"line":24,"column":30},"end":{"line":28,"column":1}},"line":24},"1":{"name":"(anonymous_1)","decl":{"start":{"line":27,"column":9},"end":{"line":27,"column":10}},"loc":{"start":{"line":27,"column":15},"end":{"line":27,"column":58}},"line":27},"2":{"name":"WoodCard","decl":{"start":{"line":32,"column":16},"end":{"line":32,"column":24}},"loc":{"start":{"line":32,"column":88},"end":{"line":64,"column":1}},"line":32},"3":{"name":"(anonymous_3)","decl":{"start":{"line":33,"column":29},"end":{"line":33,"column":30}},"loc":{"start":{"line":33,"column":35},"end":{"line":42,"column":3}},"line":33},"4":{"name":"(anonymous_4)","decl":{"start":{"line":35,"column":37},"end":{"line":35,"column":38}},"loc":{"start":{"line":35,"column":47},"end":{"line":41,"column":5}},"line":35},"5":{"name":"(anonymous_5)","decl":{"start":{"line":53,"column":22},"end":{"line":53,"column":23}},"loc":{"start":{"line":54,"column":8},"end":{"line":60,"column":10}},"line":54}},"branchMap":{"0":{"loc":{"start":{"line":26,"column":2},"end":{"line":26,"column":30}},"type":"if","locations":[{"start":{"line":26,"column":2},"end":{"line":26,"column":30}},{"start":{},"end":{}}],"line":26},"1":{"loc":{"start":{"line":32,"column":27},"end":{"line":32,"column":45}},"type":"default-arg","locations":[{"start":{"line":32,"column":35},"end":{"line":32,"column":45}}],"line":32},"2":{"loc":{"start":{"line":32,"column":47},"end":{"line":32,"column":67}},"type":"default-arg","locations":[{"start":{"line":32,"column":56},"end":{"line":32,"column":67}}],"line":32},"3":{"loc":{"start":{"line":32,"column":69},"end":{"line":32,"column":77}},"type":"default-arg","locations":[{"start":{"line":32,"column":76},"end":{"line":32,"column":77}}],"line":32}},"s":{"0":0,"1":0,"2":0,"3":0,"4":0,"5":0,"6":0,"7":0,"8":0,"9":0,"10":0,"11":0,"12":0,"13":0,"14":0,"15":0},"f":{"0":0,"1":0,"2":0,"3":0,"4":0,"5":0},"b":{"0":[0,0],"1":[0],"2":[0],"3":[0]}}
,"/Users/ujorgeleite/sources/projects/nino/pedrinho-travels/components/mascot/PedroMascot.tsx": {"path":"/Users/ujorgeleite/sources/projects/nino/pedrinho-travels/components/mascot/PedroMascot.tsx","statementMap":{"0":{"start":{"line":29,"column":40},"end":{"line":33,"column":1}},"1":{"start":{"line":36,"column":12},"end":{"line":36,"column":29}},"2":{"start":{"line":37,"column":16},"end":{"line":37,"column":33}},"3":{"start":{"line":40,"column":2},"end":{"line":55,"column":10}},"4":{"start":{"line":41,"column":4},"end":{"line":54,"column":6}},"5":{"start":{"line":58,"column":2},"end":{"line":70,"column":20}},"6":{"start":{"line":59,"column":4},"end":{"line":69,"column":5}},"7":{"start":{"line":60,"column":6},"end":{"line":63,"column":8}},"8":{"start":{"line":64,"column":11},"end":{"line":69,"column":5}},"9":{"start":{"line":65,"column":6},"end":{"line":68,"column":8}},"10":{"start":{"line":72,"column":16},"end":{"line":74,"column":5}},"11":{"start":{"line":72,"column":40},"end":{"line":74,"column":3}},"12":{"start":{"line":76,"column":2},"end":{"line":82,"column":4}},"13":{"start":{"line":85,"column":15},"end":{"line":90,"column":2}}},"fnMap":{"0":{"name":"PedroMascot","decl":{"start":{"line":35,"column":16},"end":{"line":35,"column":27}},"loc":{"start":{"line":35,"column":65},"end":{"line":83,"column":1}},"line":35},"1":{"name":"(anonymous_1)","decl":{"start":{"line":40,"column":12},"end":{"line":40,"column":13}},"loc":{"start":{"line":40,"column":18},"end":{"line":55,"column":3}},"line":40},"2":{"name":"(anonymous_2)","decl":{"start":{"line":58,"column":12},"end":{"line":58,"column":13}},"loc":{"start":{"line":58,"column":18},"end":{"line":70,"column":3}},"line":58},"3":{"name":"(anonymous_3)","decl":{"start":{"line":72,"column":33},"end":{"line":72,"column":34}},"loc":{"start":{"line":72,"column":40},"end":{"line":74,"column":3}},"line":72}},"branchMap":{"0":{"loc":{"start":{"line":35,"column":30},"end":{"line":35,"column":43}},"type":"default-arg","locations":[{"start":{"line":35,"column":37},"end":{"line":35,"column":43}}],"line":35},"1":{"loc":{"start":{"line":35,"column":45},"end":{"line":35,"column":54}},"type":"default-arg","locations":[{"start":{"line":35,"column":52},"end":{"line":35,"column":54}}],"line":35},"2":{"loc":{"start":{"line":59,"column":4},"end":{"line":69,"column":5}},"type":"if","locations":[{"start":{"line":59,"column":4},"end":{"line":69,"column":5}},{"start":{"line":64,"column":11},"end":{"line":69,"column":5}}],"line":59},"3":{"loc":{"start":{"line":64,"column":11},"end":{"line":69,"column":5}},"type":"if","locations":[{"start":{"line":64,"column":11},"end":{"line":69,"column":5}},{"start":{},"end":{}}],"line":64}},"s":{"0":0,"1":0,"2":0,"3":0,"4":0,"5":0,"6":0,"7":0,"8":0,"9":0,"10":0,"11":0,"12":0,"13":0},"f":{"0":0,"1":0,"2":0,"3":0},"b":{"0":[0],"1":[0],"2":[0,0],"3":[0,0]}}
,"/Users/ujorgeleite/sources/projects/nino/pedrinho-travels/components/screens/HomeScreen.tsx": {"path":"/Users/ujorgeleite/sources/projects/nino/pedrinho-travels/components/screens/HomeScreen.tsx","statementMap":{"0":{"start":{"line":14,"column":17},"end":{"line":14,"column":28}},"1":{"start":{"line":16,"column":15},"end":{"line":19,"column":3}},"2":{"start":{"line":17,"column":4},"end":{"line":17,"column":76}},"3":{"start":{"line":18,"column":4},"end":{"line":18,"column":33}},"4":{"start":{"line":21,"column":2},"end":{"line":38,"column":4}},"5":{"start":{"line":27,"column":34},"end":{"line":27,"column":78}},"6":{"start":{"line":41,"column":15},"end":{"line":59,"column":2}}},"fnMap":{"0":{"name":"HomeScreen","decl":{"start":{"line":13,"column":16},"end":{"line":13,"column":26}},"loc":{"start":{"line":13,"column":29},"end":{"line":39,"column":1}},"line":13},"1":{"name":"(anonymous_1)","decl":{"start":{"line":16,"column":15},"end":{"line":16,"column":16}},"loc":{"start":{"line":16,"column":21},"end":{"line":19,"column":3}},"line":16},"2":{"name":"(anonymous_2)","decl":{"start":{"line":17,"column":66},"end":{"line":17,"column":67}},"loc":{"start":{"line":17,"column":72},"end":{"line":17,"column":74}},"line":17},"3":{"name":"(anonymous_3)","decl":{"start":{"line":27,"column":17},"end":{"line":27,"column":18}},"loc":{"start":{"line":27,"column":34},"end":{"line":27,"column":78}},"line":27}},"branchMap":{"0":{"loc":{"start":{"line":27,"column":48},"end":{"line":27,"column":77}},"type":"binary-expr","locations":[{"start":{"line":27,"column":48},"end":{"line":27,"column":55}},{"start":{"line":27,"column":59},"end":{"line":27,"column":77}}],"line":27}},"s":{"0":0,"1":0,"2":0,"3":0,"4":0,"5":0,"6":0},"f":{"0":0,"1":0,"2":0,"3":0},"b":{"0":[0,0]}}
,"/Users/ujorgeleite/sources/projects/nino/pedrinho-travels/components/screens/WinScreen.tsx": {"path":"/Users/ujorgeleite/sources/projects/nino/pedrinho-travels/components/screens/WinScreen.tsx","statementMap":{"0":{"start":{"line":18,"column":2},"end":{"line":30,"column":9}},"1":{"start":{"line":19,"column":20},"end":{"line":19,"column":25}},"2":{"start":{"line":20,"column":4},"end":{"line":26,"column":9}},"3":{"start":{"line":21,"column":6},"end":{"line":25,"column":7}},"4":{"start":{"line":21,"column":19},"end":{"line":21,"column":20}},"5":{"start":{"line":22,"column":8},"end":{"line":22,"column":30}},"6":{"start":{"line":22,"column":23},"end":{"line":22,"column":30}},"7":{"start":{"line":23,"column":8},"end":{"line":23,"column":79}},"8":{"start":{"line":24,"column":8},"end":{"line":24,"column":53}},"9":{"start":{"line":24,"column":33},"end":{"line":24,"column":51}},"10":{"start":{"line":27,"column":4},"end":{"line":29,"column":6}},"11":{"start":{"line":28,"column":6},"end":{"line":28,"column":23}},"12":{"start":{"line":32,"column":2},"end":{"line":56,"column":4}},"13":{"start":{"line":42,"column":12},"end":{"line":42,"column":84}},"14":{"start":{"line":43,"column":12},"end":{"line":43,"column":26}},"15":{"start":{"line":45,"column":34},"end":{"line":45,"column":80}},"16":{"start":{"line":59,"column":15},"end":{"line":79,"column":2}}},"fnMap":{"0":{"name":"WinScreen","decl":{"start":{"line":16,"column":16},"end":{"line":16,"column":25}},"loc":{"start":{"line":16,"column":50},"end":{"line":57,"column":1}},"line":16},"1":{"name":"(anonymous_1)","decl":{"start":{"line":18,"column":12},"end":{"line":18,"column":13}},"loc":{"start":{"line":18,"column":18},"end":{"line":30,"column":3}},"line":18},"2":{"name":"(anonymous_2)","decl":{"start":{"line":20,"column":5},"end":{"line":20,"column":6}},"loc":{"start":{"line":20,"column":17},"end":{"line":26,"column":5}},"line":20},"3":{"name":"(anonymous_3)","decl":{"start":{"line":23,"column":69},"end":{"line":23,"column":70}},"loc":{"start":{"line":23,"column":75},"end":{"line":23,"column":77}},"line":23},"4":{"name":"(anonymous_4)","decl":{"start":{"line":24,"column":26},"end":{"line":24,"column":27}},"loc":{"start":{"line":24,"column":33},"end":{"line":24,"column":51}},"line":24},"5":{"name":"(anonymous_5)","decl":{"start":{"line":27,"column":11},"end":{"line":27,"column":12}},"loc":{"start":{"line":27,"column":17},"end":{"line":29,"column":5}},"line":27},"6":{"name":"(anonymous_6)","decl":{"start":{"line":41,"column":19},"end":{"line":41,"column":20}},"loc":{"start":{"line":41,"column":25},"end":{"line":44,"column":11}},"line":41},"7":{"name":"(anonymous_7)","decl":{"start":{"line":42,"column":74},"end":{"line":42,"column":75}},"loc":{"start":{"line":42,"column":80},"end":{"line":42,"column":82}},"line":42},"8":{"name":"(anonymous_8)","decl":{"start":{"line":45,"column":17},"end":{"line":45,"column":18}},"loc":{"start":{"line":45,"column":34},"end":{"line":45,"column":80}},"line":45}},"branchMap":{"0":{"loc":{"start":{"line":22,"column":8},"end":{"line":22,"column":30}},"type":"if","locations":[{"start":{"line":22,"column":8},"end":{"line":22,"column":30}},{"start":{},"end":{}}],"line":22},"1":{"loc":{"start":{"line":45,"column":49},"end":{"line":45,"column":79}},"type":"binary-expr","locations":[{"start":{"line":45,"column":49},"end":{"line":45,"column":56}},{"start":{"line":45,"column":60},"end":{"line":45,"column":79}}],"line":45}},"s":{"0":0,"1":0,"2":0,"3":0,"4":0,"5":0,"6":0,"7":0,"8":0,"9":0,"10":0,"11":0,"12":0,"13":0,"14":0,"15":0,"16":0},"f":{"0":0,"1":0,"2":0,"3":0,"4":0,"5":0,"6":0,"7":0,"8":0},"b":{"0":[0,0],"1":[0,0]}}
,"/Users/ujorgeleite/sources/projects/nino/pedrinho-travels/hooks/useCardFlip.ts": {"path":"/Users/ujorgeleite/sources/projects/nino/pedrinho-travels/hooks/useCardFlip.ts","statementMap":{"0":{"start":{"line":22,"column":19},"end":{"line":22,"column":49}},"1":{"start":{"line":27,"column":2},"end":{"line":32,"column":25}},"2":{"start":{"line":28,"column":4},"end":{"line":31,"column":7}},"3":{"start":{"line":34,"column":19},"end":{"line":34,"column":62}},"4":{"start":{"line":34,"column":41},"end":{"line":34,"column":61}},"5":{"start":{"line":36,"column":21},"end":{"line":42,"column":5}},"6":{"start":{"line":36,"column":45},"end":{"line":42,"column":3}},"7":{"start":{"line":44,"column":20},"end":{"line":50,"column":5}},"8":{"start":{"line":44,"column":44},"end":{"line":50,"column":3}},"9":{"start":{"line":52,"column":2},"end":{"line":52,"column":45}}},"fnMap":{"0":{"name":"useCardFlip","decl":{"start":{"line":20,"column":16},"end":{"line":20,"column":27}},"loc":{"start":{"line":20,"column":45},"end":{"line":53,"column":1}},"line":20},"1":{"name":"(anonymous_1)","decl":{"start":{"line":27,"column":12},"end":{"line":27,"column":13}},"loc":{"start":{"line":27,"column":18},"end":{"line":32,"column":3}},"line":27},"2":{"name":"(anonymous_2)","decl":{"start":{"line":34,"column":35},"end":{"line":34,"column":36}},"loc":{"start":{"line":34,"column":41},"end":{"line":34,"column":61}},"line":34},"3":{"name":"(anonymous_3)","decl":{"start":{"line":36,"column":38},"end":{"line":36,"column":39}},"loc":{"start":{"line":36,"column":45},"end":{"line":42,"column":3}},"line":36},"4":{"name":"(anonymous_4)","decl":{"start":{"line":44,"column":37},"end":{"line":44,"column":38}},"loc":{"start":{"line":44,"column":44},"end":{"line":50,"column":3}},"line":44}},"branchMap":{"0":{"loc":{"start":{"line":22,"column":34},"end":{"line":22,"column":48}},"type":"cond-expr","locations":[{"start":{"line":22,"column":43},"end":{"line":22,"column":44}},{"start":{"line":22,"column":47},"end":{"line":22,"column":48}}],"line":22},"1":{"loc":{"start":{"line":28,"column":32},"end":{"line":28,"column":46}},"type":"cond-expr","locations":[{"start":{"line":28,"column":41},"end":{"line":28,"column":42}},{"start":{"line":28,"column":45},"end":{"line":28,"column":46}}],"line":28},"2":{"loc":{"start":{"line":29,"column":16},"end":{"line":29,"column":65}},"type":"cond-expr","locations":[{"start":{"line":29,"column":25},"end":{"line":29,"column":43}},{"start":{"line":29,"column":46},"end":{"line":29,"column":65}}],"line":29}},"s":{"0":0,"1":0,"2":0,"3":0,"4":0,"5":0,"6":0,"7":0,"8":0,"9":0},"f":{"0":0,"1":0,"2":0,"3":0,"4":0},"b":{"0":[0,0],"1":[0,0],"2":[0,0]}}
,"/Users/ujorgeleite/sources/projects/nino/pedrinho-travels/hooks/useMemoryGame.ts": {"path":"/Users/ujorgeleite/sources/projects/nino/pedrinho-travels/hooks/useMemoryGame.ts","statementMap":{"0":{"start":{"line":16,"column":34},"end":{"line":19,"column":4}},"1":{"start":{"line":16,"column":62},"end":{"line":19,"column":3}},"2":{"start":{"line":20,"column":2},"end":{"line":20,"column":74}},"3":{"start":{"line":20,"column":38},"end":{"line":20,"column":71}},"4":{"start":{"line":33,"column":28},"end":{"line":33,"column":60}},"5":{"start":{"line":34,"column":30},"end":{"line":34,"column":45}},"6":{"start":{"line":35,"column":36},"end":{"line":35,"column":75}},"7":{"start":{"line":37,"column":16},"end":{"line":40,"column":3}},"8":{"start":{"line":38,"column":10},"end":{"line":38,"column":72}},"9":{"start":{"line":38,"column":49},"end":{"line":38,"column":71}},"10":{"start":{"line":42,"column":19},"end":{"line":84,"column":3}},"11":{"start":{"line":44,"column":6},"end":{"line":44,"column":25}},"12":{"start":{"line":44,"column":18},"end":{"line":44,"column":25}},"13":{"start":{"line":46,"column":6},"end":{"line":81,"column":9}},"14":{"start":{"line":47,"column":23},"end":{"line":47,"column":68}},"15":{"start":{"line":47,"column":40},"end":{"line":47,"column":67}},"16":{"start":{"line":48,"column":8},"end":{"line":48,"column":61}},"17":{"start":{"line":48,"column":49},"end":{"line":48,"column":61}},"18":{"start":{"line":50,"column":21},"end":{"line":52,"column":9}},"19":{"start":{"line":51,"column":10},"end":{"line":51,"column":75}},"20":{"start":{"line":54,"column":23},"end":{"line":54,"column":60}},"21":{"start":{"line":54,"column":42},"end":{"line":54,"column":59}},"22":{"start":{"line":56,"column":8},"end":{"line":77,"column":9}},"23":{"start":{"line":57,"column":25},"end":{"line":57,"column":31}},"24":{"start":{"line":58,"column":10},"end":{"line":64,"column":11}},"25":{"start":{"line":60,"column":12},"end":{"line":60,"column":34}},"26":{"start":{"line":61,"column":12},"end":{"line":63,"column":14}},"27":{"start":{"line":62,"column":14},"end":{"line":62,"column":74}},"28":{"start":{"line":66,"column":10},"end":{"line":66,"column":35}},"29":{"start":{"line":67,"column":10},"end":{"line":67,"column":26}},"30":{"start":{"line":68,"column":10},"end":{"line":75,"column":18}},"31":{"start":{"line":69,"column":12},"end":{"line":73,"column":14}},"32":{"start":{"line":70,"column":14},"end":{"line":72,"column":15}},"33":{"start":{"line":71,"column":16},"end":{"line":71,"column":73}},"34":{"start":{"line":74,"column":12},"end":{"line":74,"column":29}},"35":{"start":{"line":76,"column":10},"end":{"line":76,"column":22}},"36":{"start":{"line":79,"column":8},"end":{"line":79,"column":29}},"37":{"start":{"line":80,"column":8},"end":{"line":80,"column":20}},"38":{"start":{"line":86,"column":16},"end":{"line":90,"column":8}},"39":{"start":{"line":87,"column":4},"end":{"line":87,"column":21}},"40":{"start":{"line":88,"column":4},"end":{"line":88,"column":23}},"41":{"start":{"line":89,"column":4},"end":{"line":89,"column":26}},"42":{"start":{"line":92,"column":2},"end":{"line":92,"column":54}}},"fnMap":{"0":{"name":"buildDeck","decl":{"start":{"line":15,"column":9},"end":{"line":15,"column":18}},"loc":{"start":{"line":15,"column":34},"end":{"line":21,"column":1}},"line":15},"1":{"name":"(anonymous_1)","decl":{"start":{"line":16,"column":55},"end":{"line":16,"column":56}},"loc":{"start":{"line":16,"column":62},"end":{"line":19,"column":3}},"line":16},"2":{"name":"(anonymous_2)","decl":{"start":{"line":20,"column":30},"end":{"line":20,"column":31}},"loc":{"start":{"line":20,"column":38},"end":{"line":20,"column":71}},"line":20},"3":{"name":"useMemoryGame","decl":{"start":{"line":32,"column":16},"end":{"line":32,"column":29}},"loc":{"start":{"line":32,"column":44},"end":{"line":93,"column":1}},"line":32},"4":{"name":"(anonymous_4)","decl":{"start":{"line":38,"column":4},"end":{"line":38,"column":5}},"loc":{"start":{"line":38,"column":10},"end":{"line":38,"column":72}},"line":38},"5":{"name":"(anonymous_5)","decl":{"start":{"line":38,"column":42},"end":{"line":38,"column":43}},"loc":{"start":{"line":38,"column":49},"end":{"line":38,"column":71}},"line":38},"6":{"name":"(anonymous_6)","decl":{"start":{"line":43,"column":4},"end":{"line":43,"column":5}},"loc":{"start":{"line":43,"column":28},"end":{"line":82,"column":5}},"line":43},"7":{"name":"(anonymous_7)","decl":{"start":{"line":46,"column":15},"end":{"line":46,"column":16}},"loc":{"start":{"line":46,"column":25},"end":{"line":81,"column":7}},"line":46},"8":{"name":"(anonymous_8)","decl":{"start":{"line":47,"column":33},"end":{"line":47,"column":34}},"loc":{"start":{"line":47,"column":40},"end":{"line":47,"column":67}},"line":47},"9":{"name":"(anonymous_9)","decl":{"start":{"line":50,"column":30},"end":{"line":50,"column":31}},"loc":{"start":{"line":51,"column":10},"end":{"line":51,"column":75}},"line":51},"10":{"name":"(anonymous_10)","decl":{"start":{"line":54,"column":35},"end":{"line":54,"column":36}},"loc":{"start":{"line":54,"column":42},"end":{"line":54,"column":59}},"line":54},"11":{"name":"(anonymous_11)","decl":{"start":{"line":61,"column":28},"end":{"line":61,"column":29}},"loc":{"start":{"line":62,"column":14},"end":{"line":62,"column":74}},"line":62},"12":{"name":"(anonymous_12)","decl":{"start":{"line":68,"column":21},"end":{"line":68,"column":22}},"loc":{"start":{"line":68,"column":27},"end":{"line":75,"column":11}},"line":68},"13":{"name":"(anonymous_13)","decl":{"start":{"line":69,"column":21},"end":{"line":69,"column":22}},"loc":{"start":{"line":70,"column":14},"end":{"line":72,"column":15}},"line":70},"14":{"name":"(anonymous_14)","decl":{"start":{"line":70,"column":22},"end":{"line":70,"column":23}},"loc":{"start":{"line":71,"column":16},"end":{"line":71,"column":73}},"line":71},"15":{"name":"(anonymous_15)","decl":{"start":{"line":86,"column":28},"end":{"line":86,"column":29}},"loc":{"start":{"line":86,"column":34},"end":{"line":90,"column":3}},"line":86}},"branchMap":{"0":{"loc":{"start":{"line":38,"column":10},"end":{"line":38,"column":72}},"type":"binary-expr","locations":[{"start":{"line":38,"column":10},"end":{"line":38,"column":26}},{"start":{"line":38,"column":30},"end":{"line":38,"column":72}}],"line":38},"1":{"loc":{"start":{"line":44,"column":6},"end":{"line":44,"column":25}},"type":"if","locations":[{"start":{"line":44,"column":6},"end":{"line":44,"column":25}},{"start":{},"end":{}}],"line":44},"2":{"loc":{"start":{"line":48,"column":8},"end":{"line":48,"column":61}},"type":"if","locations":[{"start":{"line":48,"column":8},"end":{"line":48,"column":61}},{"start":{},"end":{}}],"line":48},"3":{"loc":{"start":{"line":48,"column":12},"end":{"line":48,"column":47}},"type":"binary-expr","locations":[{"start":{"line":48,"column":12},"end":{"line":48,"column":19}},{"start":{"line":48,"column":23},"end":{"line":48,"column":47}}],"line":48},"4":{"loc":{"start":{"line":51,"column":10},"end":{"line":51,"column":75}},"type":"cond-expr","locations":[{"start":{"line":51,"column":40},"end":{"line":51,"column":71}},{"start":{"line":51,"column":74},"end":{"line":51,"column":75}}],"line":51},"5":{"loc":{"start":{"line":56,"column":8},"end":{"line":77,"column":9}},"type":"if","locations":[{"start":{"line":56,"column":8},"end":{"line":77,"column":9}},{"start":{},"end":{}}],"line":56},"6":{"loc":{"start":{"line":58,"column":10},"end":{"line":64,"column":11}},"type":"if","locations":[{"start":{"line":58,"column":10},"end":{"line":64,"column":11}},{"start":{},"end":{}}],"line":58},"7":{"loc":{"start":{"line":62,"column":14},"end":{"line":62,"column":74}},"type":"cond-expr","locations":[{"start":{"line":62,"column":34},"end":{"line":62,"column":70}},{"start":{"line":62,"column":73},"end":{"line":62,"column":74}}],"line":62},"8":{"loc":{"start":{"line":71,"column":16},"end":{"line":71,"column":73}},"type":"cond-expr","locations":[{"start":{"line":71,"column":36},"end":{"line":71,"column":69}},{"start":{"line":71,"column":72},"end":{"line":71,"column":73}}],"line":71}},"s":{"0":11,"1":66,"2":11,"3":132,"4":50,"5":50,"6":50,"7":50,"8":34,"9":45,"10":50,"11":24,"12":1,"13":23,"14":23,"15":121,"16":23,"17":1,"18":22,"19":264,"20":22,"21":264,"22":22,"23":10,"24":10,"25":8,"26":8,"27":96,"28":2,"29":2,"30":2,"31":1,"32":1,"33":12,"34":1,"35":2,"36":12,"37":12,"38":50,"39":1,"40":1,"41":1,"42":50},"f":{"0":11,"1":66,"2":132,"3":50,"4":34,"5":45,"6":24,"7":23,"8":121,"9":264,"10":264,"11":96,"12":1,"13":1,"14":12,"15":1},"b":{"0":[34,34],"1":[1,23],"2":[1,22],"3":[23,23],"4":[22,242],"5":[10,12],"6":[8,2],"7":[16,80],"8":[2,10]},"_coverageSchema":"1a1c01bbd47fc00a2c39e90264f33305004495a9","hash":"61d401a524630028a047616aede8983f275fbda1"}
,"/Users/ujorgeleite/sources/projects/nino/pedrinho-travels/utils/shuffle.ts": {"path":"/Users/ujorgeleite/sources/projects/nino/pedrinho-travels/utils/shuffle.ts","statementMap":{"0":{"start":{"line":5,"column":14},"end":{"line":5,"column":24}},"1":{"start":{"line":6,"column":2},"end":{"line":9,"column":3}},"2":{"start":{"line":6,"column":15},"end":{"line":6,"column":29}},"3":{"start":{"line":7,"column":14},"end":{"line":7,"column":49}},"4":{"start":{"line":8,"column":4},"end":{"line":8,"column":40}},"5":{"start":{"line":10,"column":2},"end":{"line":10,"column":13}}},"fnMap":{"0":{"name":"shuffle","decl":{"start":{"line":4,"column":16},"end":{"line":4,"column":23}},"loc":{"start":{"line":4,"column":53},"end":{"line":11,"column":1}},"line":4}},"branchMap":{},"s":{"0":36,"1":36,"2":36,"3":312,"4":312,"5":36},"f":{"0":36},"b":{},"_coverageSchema":"1a1c01bbd47fc00a2c39e90264f33305004495a9","hash":"16a4f971a7fbaa7dacfb5c7ff223f81b15d5f440"}
}
