TN:
SF:components/board/GameBoard.tsx
FN:21,seedFrom
FN:27,FlipCard
FN:39,(anonymous_2)
FN:41,(anonymous_3)
FN:47,(anonymous_4)
FN:73,GameBoard
FN:83,(anonymous_6)
FNF:7
FNH:0
FNDA:0,seedFrom
FNDA:0,FlipCard
FNDA:0,(anonymous_2)
FNDA:0,(anonymous_3)
FNDA:0,(anonymous_4)
FNDA:0,GameBoard
FNDA:0,(anonymous_6)
DA:22,0
DA:23,0
DA:24,0
DA:36,0
DA:37,0
DA:39,0
DA:40,0
DA:41,0
DA:42,0
DA:45,0
DA:49,0
DA:52,0
DA:74,0
DA:76,0
DA:77,0
DA:78,0
DA:79,0
DA:81,0
DA:84,0
DA:92,0
LF:20
LH:0
BRDA:36,0,0,0
BRDA:36,0,1,0
BRDA:40,1,0,0
BRDA:40,1,1,0
BRDA:49,2,0,0
BRDA:49,2,1,0
BRDA:76,3,0,0
BRDA:76,3,1,0
BRF:8
BRH:0
end_of_record
TN:
SF:components/cards/CardFront.tsx
FN:16,CardFront
FNF:1
FNH:0
FNDA:0,CardFront
DA:22,0
DA:37,0
LF:2
LH:0
BRDA:18,0,0,0
BRDA:19,1,0,0
BRDA:20,2,0,0
BRDA:27,3,0,0
BRDA:27,3,1,0
BRF:5
BRH:0
end_of_record
TN:
SF:components/cards/WoodCard.tsx
FN:24,seeded
FN:27,(anonymous_1)
FN:32,WoodCard
FN:33,(anonymous_3)
FN:35,(anonymous_4)
FN:53,(anonymous_5)
FNF:6
FNH:0
FNDA:0,seeded
FNDA:0,(anonymous_1)
FNDA:0,WoodCard
FNDA:0,(anonymous_3)
FNDA:0,(anonymous_4)
FNDA:0,(anonymous_5)
DA:25,0
DA:26,0
DA:27,0
DA:30,0
DA:33,0
DA:34,0
DA:35,0
DA:36,0
DA:37,0
DA:38,0
DA:39,0
DA:40,0
DA:44,0
DA:54,0
LF:14
LH:0
BRDA:26,0,0,0
BRDA:26,0,1,0
BRDA:32,1,0,0
BRDA:32,2,0,0
BRDA:32,3,0,0
BRF:5
BRH:0
end_of_record
TN:
SF:components/mascot/PedroMascot.tsx
FN:35,PedroMascot
FN:40,(anonymous_1)
FN:58,(anonymous_2)
FN:72,(anonymous_3)
FNF:4
FNH:0
FNDA:0,PedroMascot
FNDA:0,(anonymous_1)
FNDA:0,(anonymous_2)
FNDA:0,(anonymous_3)
DA:29,0
DA:36,0
DA:37,0
DA:40,0
DA:41,0
DA:58,0
DA:59,0
DA:60,0
DA:64,0
DA:65,0
DA:72,0
DA:76,0
DA:85,0
LF:13
LH:0
BRDA:35,0,0,0
BRDA:35,1,0,0
BRDA:59,2,0,0
BRDA:59,2,1,0
BRDA:64,3,0,0
BRDA:64,3,1,0
BRF:6
BRH:0
end_of_record
TN:
SF:components/screens/HomeScreen.tsx
FN:13,HomeScreen
FN:16,(anonymous_1)
FN:17,(anonymous_2)
FN:27,(anonymous_3)
FNF:4
FNH:0
FNDA:0,HomeScreen
FNDA:0,(anonymous_1)
FNDA:0,(anonymous_2)
FNDA:0,(anonymous_3)
DA:14,0
DA:16,0
DA:17,0
DA:18,0
DA:21,0
DA:27,0
DA:41,0
LF:7
LH:0
BRDA:27,0,0,0
BRDA:27,0,1,0
BRF:2
BRH:0
end_of_record
TN:
SF:components/screens/WinScreen.tsx
FN:16,WinScreen
FN:18,(anonymous_1)
FN:20,(anonymous_2)
FN:23,(anonymous_3)
FN:24,(anonymous_4)
FN:27,(anonymous_5)
FN:41,(anonymous_6)
FN:42,(anonymous_7)
FN:45,(anonymous_8)
FNF:9
FNH:0
FNDA:0,WinScreen
FNDA:0,(anonymous_1)
FNDA:0,(anonymous_2)
FNDA:0,(anonymous_3)
FNDA:0,(anonymous_4)
FNDA:0,(anonymous_5)
FNDA:0,(anonymous_6)
FNDA:0,(anonymous_7)
FNDA:0,(anonymous_8)
DA:18,0
DA:19,0
DA:20,0
DA:21,0
DA:22,0
DA:23,0
DA:24,0
DA:27,0
DA:28,0
DA:32,0
DA:42,0
DA:43,0
DA:45,0
DA:59,0
LF:14
LH:0
BRDA:22,0,0,0
BRDA:22,0,1,0
BRDA:45,1,0,0
BRDA:45,1,1,0
BRF:4
BRH:0
end_of_record
TN:
SF:hooks/useCardFlip.ts
FN:20,useCardFlip
FN:27,(anonymous_1)
FN:34,(anonymous_2)
FN:36,(anonymous_3)
FN:44,(anonymous_4)
FNF:5
FNH:0
FNDA:0,useCardFlip
FNDA:0,(anonymous_1)
FNDA:0,(anonymous_2)
FNDA:0,(anonymous_3)
FNDA:0,(anonymous_4)
DA:22,0
DA:27,0
DA:28,0
DA:34,0
DA:36,0
DA:44,0
DA:52,0
LF:7
LH:0
BRDA:22,0,0,0
BRDA:22,0,1,0
BRDA:28,1,0,0
BRDA:28,1,1,0
BRDA:29,2,0,0
BRDA:29,2,1,0
BRF:6
BRH:0
end_of_record
TN:
SF:hooks/useMemoryGame.ts
FN:15,buildDeck
FN:16,(anonymous_1)
FN:20,(anonymous_2)
FN:32,useMemoryGame
FN:38,(anonymous_4)
FN:38,(anonymous_5)
FN:43,(anonymous_6)
FN:46,(anonymous_7)
FN:47,(anonymous_8)
FN:50,(anonymous_9)
FN:54,(anonymous_10)
FN:61,(anonymous_11)
FN:68,(anonymous_12)
FN:69,(anonymous_13)
FN:70,(anonymous_14)
FN:86,(anonymous_15)
FNF:16
FNH:16
FNDA:11,buildDeck
FNDA:66,(anonymous_1)
FNDA:132,(anonymous_2)
FNDA:50,useMemoryGame
FNDA:34,(anonymous_4)
FNDA:45,(anonymous_5)
FNDA:24,(anonymous_6)
FNDA:23,(anonymous_7)
FNDA:121,(anonymous_8)
FNDA:264,(anonymous_9)
FNDA:264,(anonymous_10)
FNDA:96,(anonymous_11)
FNDA:1,(anonymous_12)
FNDA:1,(anonymous_13)
FNDA:12,(anonymous_14)
FNDA:1,(anonymous_15)
DA:16,66
DA:20,132
DA:33,50
DA:34,50
DA:35,50
DA:37,50
DA:38,45
DA:42,50
DA:44,24
DA:46,23
DA:47,121
DA:48,23
DA:50,22
DA:51,264
DA:54,264
DA:56,22
DA:57,10
DA:58,10
DA:60,8
DA:61,8
DA:62,96
DA:66,2
DA:67,2
DA:68,2
DA:69,1
DA:70,1
DA:71,12
DA:74,1
DA:76,2
DA:79,12
DA:80,12
DA:86,50
DA:87,1
DA:88,1
DA:89,1
DA:92,50
LF:36
LH:36
BRDA:38,0,0,34
BRDA:38,0,1,34
BRDA:44,1,0,1
BRDA:44,1,1,23
BRDA:48,2,0,1
BRDA:48,2,1,22
BRDA:48,3,0,23
BRDA:48,3,1,23
BRDA:51,4,0,22
BRDA:51,4,1,242
BRDA:56,5,0,10
BRDA:56,5,1,12
BRDA:58,6,0,8
BRDA:58,6,1,2
BRDA:62,7,0,16
BRDA:62,7,1,80
BRDA:71,8,0,2
BRDA:71,8,1,10
BRF:18
BRH:18
end_of_record
TN:
SF:utils/shuffle.ts
FN:4,shuffle
FNF:1
FNH:1
FNDA:36,shuffle
DA:5,36
DA:6,36
DA:7,312
DA:8,312
DA:10,36
LF:5
LH:5
BRF:0
BRH:0
end_of_record
